<?xml version="1.0" encoding="UTF-8" standalone="no"?>
<testsuite failures="0" name="cucumber.runtime.formatter.JUnitFormatter" skipped="0" tests="1" time="20.98199">
<testcase classname="Shopizer Login" name="Shopizer Login Test Scenario" time="20.98199">
<system-out><![CDATA[Given User is present on login page.........................................passed
Then User clicks on Popup Close button......................................passed
When title of login page is FabIndia........................................passed
Then enter username and password............................................passed
Then User clicks on Login Button............................................passed
And User is on Home Page....................................................passed
]]></system-out>
</testcase>
</testsuite>
